<?xml version="1.0" encoding="UTF-8" standalone="no"?>
<testsuite failures="0" name="cucumber.runtime.formatter.JUnitFormatter" skipped="0" tests="1" time="51.968689">
    <testcase classname="Academics Page" name="Add Exam" time="51.968689">
        <system-out>
            <![CDATA[Given user login into the website...........................................passed
When user navigates to academics module.....................................passed
Then user select AddExam from Masters dropdown..............................passed
Then user enter "<Exam Title>" and "<Start Time>" and "<End Time>" and save it.passed
And user logout from the Application........................................passed
]]>
        </system-out>
    </testcase>
</testsuite>
