<?xml version="1.0" encoding="UTF-8"?>
<testng-results ignored="0" total="1" passed="0" failed="1" skipped="0">
  <reporter-output>
  </reporter-output>
  <suite started-at="2018-10-04T15:19:34Z" name="Default suite" finished-at="2018-10-04T15:20:08Z" duration-ms="34017">
    <groups>
      <group name="cucumber">
        <method signature="AbstractTestNGCucumberTests.runScenario(cucumber.api.testng.PickleEventWrapper, cucumber.api.testng.CucumberFeatureWrapper)[pri:0, instance:MyRunner.Runner@48974e45]" name="runScenario" class="cucumber.api.testng.AbstractTestNGCucumberTests"/>
      </group> <!-- cucumber -->
    </groups>
    <test started-at="2018-10-04T15:19:34Z" name="Default test" finished-at="2018-10-04T15:20:08Z" duration-ms="34017">
      <class name="MyRunner.Runner">
        <test-method is-config="true" signature="setUpClass()[pri:0, instance:MyRunner.Runner@48974e45]" started-at="2018-10-04T15:19:34Z" name="setUpClass" finished-at="2018-10-04T15:19:34Z" duration-ms="463" status="PASS">
          <reporter-output>
          </reporter-output>
        </test-method> <!-- setUpClass -->
        <test-method signature="runScenario(cucumber.api.testng.PickleEventWrapper, cucumber.api.testng.CucumberFeatureWrapper)[pri:0, instance:MyRunner.Runner@48974e45]" started-at="2018-10-04T15:19:35Z" name="runScenario" description="Runs Cucumber Scenarios" data-provider="scenarios" finished-at="2018-10-04T15:20:07Z" duration-ms="32091" status="FAIL">
          <params>
            <param index="0">
              <value>
                <![CDATA["Login Scenario"]]>
              </value>
            </param>
            <param index="1">
              <value>
                <![CDATA["Login Feature"]]>
              </value>
            </param>
          </params>
          <exception class="java.lang.NullPointerException">
            <full-stacktrace>
              <![CDATA[java.lang.NullPointerException
at java.base/java.lang.reflect.Method.invoke(Method.java:557)
at org.openqa.selenium.support.pagefactory.internal.LocatingElementHandler.invoke(LocatingElementHandler.java:51)
at com.sun.proxy.$Proxy20.click(Unknown Source)
at com.pages.LoginPage.login(LoginPage.java:60)
at StepDefinition.LoginStepDefinition.user_login_into_the_web(LoginStepDefinition.java:38)
at ✽.user login into the web(./src/main/java/Features/Login.feature:8)
]]>
            </full-stacktrace>
          </exception> <!-- java.lang.NullPointerException -->
          <reporter-output>
          </reporter-output>
        </test-method> <!-- runScenario -->
        <test-method is-config="true" signature="tearDownClass()[pri:0, instance:MyRunner.Runner@48974e45]" started-at="2018-10-04T15:20:07Z" name="tearDownClass" finished-at="2018-10-04T15:20:08Z" duration-ms="1337" status="PASS">
          <reporter-output>
          </reporter-output>
        </test-method> <!-- tearDownClass -->
      </class> <!-- MyRunner.Runner -->
    </test> <!-- Default test -->
  </suite> <!-- Default suite -->
</testng-results>
